<?xml version="1.0" encoding="UTF-8"?>
<!-- Generated by org.testng.reporters.JUnitReportReporter -->
<testsuite skipped="0" hostname="LAPTOP-ODB502Q4" name="com.DDdemo.testcases.HomePageTest" tests="5" failures="0" timestamp="15 Feb 2022 10:28:08 GMT" time="5.850" errors="0">
  <testcase name="writeFieldDDfmk" time="1.083" classname="com.DDdemo.testcases.HomePageTest"/>
  <testcase name="ClickActionTest1" time="0.128" classname="com.DDdemo.testcases.HomePageTest"/>
  <testcase name="ClickActiononImgTest2" time="0.649" classname="com.DDdemo.testcases.HomePageTest"/>
  <testcase name="ClickActionLinkTest3" time="3.903" classname="com.DDdemo.testcases.HomePageTest"/>
  <testcase name="verifyTest" time="0.087" classname="com.DDdemo.testcases.HomePageTest"/>
</testsuite> <!-- com.DDdemo.testcases.HomePageTest -->
