<?xml version="1.0" encoding="UTF-8"?>
<!-- Generated by org.testng.reporters.JUnitReportReporter -->
<testsuite skipped="0" hostname="LAPTOP-ODB502Q4" name="com.DDdemo.testcases.JavaPageTest" tests="6" failures="0" timestamp="15 Feb 2022 10:28:08 GMT" time="10.062" errors="0">
  <testcase name="clickLJava" time="1.887" classname="com.DDdemo.testcases.JavaPageTest"/>
  <testcase name="verifyText" time="0.280" classname="com.DDdemo.testcases.JavaPageTest"/>
  <testcase name="clickLinkTest1" time="5.357" classname="com.DDdemo.testcases.JavaPageTest"/>
  <testcase name="verifyTest1" time="0.272" classname="com.DDdemo.testcases.JavaPageTest"/>
  <testcase name="clickLinkTest2" time="2.013" classname="com.DDdemo.testcases.JavaPageTest"/>
  <testcase name="verifyTest2" time="0.253" classname="com.DDdemo.testcases.JavaPageTest"/>
</testsuite> <!-- com.DDdemo.testcases.JavaPageTest -->
